<?xml version="1.0" encoding="UTF-8"?>
<testng-results skipped="0" failed="0" total="1" passed="1">
  <reporter-output>
  </reporter-output>
  <suite name="Default suite" duration-ms="58825" started-at="2015-11-05T07:28:26Z" finished-at="2015-11-05T07:29:25Z">
    <groups>
    </groups>
    <test name="Default test" duration-ms="58825" started-at="2015-11-05T07:28:26Z" finished-at="2015-11-05T07:29:25Z">
      <class name="com.iosmobileapp.ashford.tests.AT001_ValidateUserLogin">
        <test-method status="PASS" signature="setUp()[pri:0, instance:com.iosmobileapp.ashford.tests.AT001_ValidateUserLogin@23d2c798]" name="setUp" is-config="true" duration-ms="17333" started-at="2015-11-05T12:58:26Z" finished-at="2015-11-05T12:58:44Z">
          <reporter-output>
          </reporter-output>
        </test-method> <!-- setUp -->
        <test-method status="PASS" signature="ValidateUserLogin()[pri:0, instance:com.iosmobileapp.ashford.tests.AT001_ValidateUserLogin@23d2c798]" name="ValidateUserLogin" duration-ms="28716" started-at="2015-11-05T12:58:44Z" finished-at="2015-11-05T12:59:13Z">
          <reporter-output>
          </reporter-output>
        </test-method> <!-- ValidateUserLogin -->
        <test-method status="PASS" signature="tearDown()[pri:0, instance:com.iosmobileapp.ashford.tests.AT001_ValidateUserLogin@23d2c798]" name="tearDown" is-config="true" duration-ms="12760" started-at="2015-11-05T12:59:13Z" finished-at="2015-11-05T12:59:25Z">
          <reporter-output>
          </reporter-output>
        </test-method> <!-- tearDown -->
      </class> <!-- com.iosmobileapp.ashford.tests.AT001_ValidateUserLogin -->
    </test> <!-- Default test -->
  </suite> <!-- Default suite -->
</testng-results>
